<?xml version="1.0" encoding="UTF-8"?>
<!-- Generated by org.testng.reporters.JUnitReportReporter -->
<testsuite hostname="ng_desktop" failures="0" tests="1" name="openkart2testcases.TC003_Login" time="3.300" errors="0" timestamp="2023-07-04T16:03:18 EDT" skipped="0">
  <testcase classname="openkart2testcases.TC003_Login" name="openKart2Login" time="3.300"/>
  <system-out/>
</testsuite> <!-- openkart2testcases.TC003_Login -->
