<?xml version="1.0" encoding="UTF-8"?>
<!-- Generated by org.testng.reporters.JUnitReportReporter -->
<testsuite hostname="ng_desktop" failures="0" tests="4" name="openkart2testcases.TC005_LoginDDT" time="72.843" errors="0" timestamp="2023-07-04T16:32:51 EDT" skipped="0">
  <testcase classname="openkart2testcases.TC005_LoginDDT" name="openKart2LoginDDT" time="3.158"/>
  <system-out/>
  <testcase classname="openkart2testcases.TC005_LoginDDT" name="openKart2LoginDDT" time="33.469"/>
  <system-out/>
  <testcase classname="openkart2testcases.TC005_LoginDDT" name="openKart2LoginDDT" time="33.000"/>
  <system-out/>
  <testcase classname="openkart2testcases.TC005_LoginDDT" name="openKart2LoginDDT" time="3.216"/>
  <system-out/>
</testsuite> <!-- openkart2testcases.TC005_LoginDDT -->
