<?xml version="1.0" encoding="UTF-8"?>
<!-- Generated by org.testng.reporters.JUnitReportReporter -->
<testsuite hostname="ng_desktop" failures="0" tests="4" name="openkart2testcases.TC004_Login2" time="10.272" errors="0" timestamp="2023-07-07T16:03:37 EDT" skipped="0">
  <testcase classname="openkart2testcases.TC004_Login2" name="openKart2Login" time="2.532"/>
  <system-out/>
  <testcase classname="openkart2testcases.TC004_Login2" name="openKart2Login" time="2.586"/>
  <system-out/>
  <testcase classname="openkart2testcases.TC004_Login2" name="openKart2Login" time="2.497"/>
  <system-out/>
  <testcase classname="openkart2testcases.TC004_Login2" name="openKart2Login" time="2.657"/>
  <system-out/>
</testsuite> <!-- openkart2testcases.TC004_Login2 -->
