<?xml version="1.0" encoding="UTF-8"?>
<!-- Generated by org.testng.reporters.JUnitReportReporter -->
<testsuite hostname="ng_desktop" failures="0" tests="4" name="openkart2testcases.TC005_LoginDDT" time="73.842" errors="0" timestamp="2023-07-04T08:58:06 EDT" skipped="0">
  <testcase classname="openkart2testcases.TC005_LoginDDT" name="openKart2LoginDDT" time="32.954"/>
  <system-out/>
  <testcase classname="openkart2testcases.TC005_LoginDDT" name="openKart2LoginDDT" time="33.008"/>
  <system-out/>
  <testcase classname="openkart2testcases.TC005_LoginDDT" name="openKart2LoginDDT" time="4.662"/>
  <system-out/>
  <testcase classname="openkart2testcases.TC005_LoginDDT" name="openKart2LoginDDT" time="3.218"/>
  <system-out/>
</testsuite> <!-- openkart2testcases.TC005_LoginDDT -->
