<?xml version="1.0" encoding="UTF-8"?>
<!-- Generated by org.testng.reporters.JUnitReportReporter -->
<testsuite hostname="ng_desktop" failures="0" tests="1" name="openkart2testcases.TC001_Registration" time="13.660" errors="0" timestamp="2023-07-07T16:03:37 EDT" skipped="0">
  <testcase classname="openkart2testcases.TC001_Registration" name="openKart2Registration" time="13.660"/>
  <system-out/>
</testsuite> <!-- openkart2testcases.TC001_Registration -->
