<?xml version="1.0" encoding="UTF-8"?>
<!-- Generated by org.testng.reporters.JUnitReportReporter -->
<testsuite hostname="ng_desktop" failures="0" tests="1" name="openkart2testcases.TC003_Login" time="2.940" errors="0" timestamp="2023-07-02T00:07:08 EDT" skipped="0">
  <testcase classname="openkart2testcases.TC003_Login" name="openKart2Login" time="2.940"/>
  <system-out/>
</testsuite> <!-- openkart2testcases.TC003_Login -->
