<?xml version="1.0" encoding="UTF-8"?>
<!-- Generated by org.testng.reporters.JUnitReportReporter -->
<testsuite hostname="ng_desktop" failures="0" tests="4" name="openkart2testcases.TC005_LoginDDT" time="72.555" errors="0" timestamp="2023-07-05T00:06:04 EDT" skipped="0">
  <testcase classname="openkart2testcases.TC005_LoginDDT" name="openKart2LoginDDT" time="33.179"/>
  <system-out/>
  <testcase classname="openkart2testcases.TC005_LoginDDT" name="openKart2LoginDDT" time="3.200"/>
  <system-out/>
  <testcase classname="openkart2testcases.TC005_LoginDDT" name="openKart2LoginDDT" time="3.106"/>
  <system-out/>
  <testcase classname="openkart2testcases.TC005_LoginDDT" name="openKart2LoginDDT" time="33.070"/>
  <system-out/>
</testsuite> <!-- openkart2testcases.TC005_LoginDDT -->
