<?xml version="1.0" encoding="UTF-8"?>
<!-- Generated by org.testng.reporters.JUnitReportReporter -->
<testsuite hostname="ng_desktop" failures="0" tests="4" name="openkart2testcases.TC005_LoginDDT" time="132.824" errors="0" timestamp="2023-07-07T16:03:37 EDT" skipped="0">
  <testcase classname="openkart2testcases.TC005_LoginDDT" name="openKart2LoginDDT" time="33.227"/>
  <system-out/>
  <testcase classname="openkart2testcases.TC005_LoginDDT" name="openKart2LoginDDT" time="33.247"/>
  <system-out/>
  <testcase classname="openkart2testcases.TC005_LoginDDT" name="openKart2LoginDDT" time="33.184"/>
  <system-out/>
  <testcase classname="openkart2testcases.TC005_LoginDDT" name="openKart2LoginDDT" time="33.166"/>
  <system-out/>
</testsuite> <!-- openkart2testcases.TC005_LoginDDT -->
