<?xml version="1.0" encoding="UTF-8"?>
<!-- Generated by org.testng.reporters.JUnitReportReporter -->
<testsuite hostname="ng_desktop" failures="0" tests="1" name="openkart2testcases.TC007_PasswordResetMail" time="4.966" errors="0" timestamp="2023-07-05T16:04:36 EDT" skipped="0">
  <testcase classname="openkart2testcases.TC007_PasswordResetMail" name="openKart2PasswordResetMail" time="4.966"/>
  <system-out/>
</testsuite> <!-- openkart2testcases.TC007_PasswordResetMail -->
