<?xml version="1.0" encoding="UTF-8"?>
<!-- Generated by org.testng.reporters.JUnitReportReporter -->
<testsuite hostname="ng_desktop" failures="0" tests="1" name="openkart2testcases.TC003_Login" time="5.249" errors="0" timestamp="2023-07-05T16:04:36 EDT" skipped="0">
  <testcase classname="openkart2testcases.TC003_Login" name="openKart2Login" time="5.249"/>
  <system-out/>
</testsuite> <!-- openkart2testcases.TC003_Login -->
