<?xml version="1.0" encoding="UTF-8"?>
<!-- Generated by org.testng.reporters.JUnitReportReporter -->
<testsuite hostname="ng_desktop" failures="0" tests="1" name="openkart2testcases.TC001_Registration" time="13.825" errors="0" timestamp="2023-07-05T00:06:04 EDT" skipped="0">
  <testcase classname="openkart2testcases.TC001_Registration" name="openKart2Registration" time="13.825"/>
  <system-out/>
</testsuite> <!-- openkart2testcases.TC001_Registration -->
