<?xml version="1.0" encoding="UTF-8"?>
<!-- Generated by org.testng.reporters.JUnitReportReporter -->
<testsuite hostname="ng_desktop" failures="0" tests="2" name="openkart2testcases.TC007_CameraTest" time="7.021" errors="0" timestamp="2023-07-06T18:33:53 EDT" skipped="0">
  <testcase classname="openkart2testcases.TC007_CameraTest" name="openKart2Camera" time="2.999"/>
  <system-out/>
  <testcase classname="openkart2testcases.TC007_CameraTest" name="openKart2Camera" time="4.022"/>
  <system-out/>
</testsuite> <!-- openkart2testcases.TC007_CameraTest -->
