<?xml version="1.0" encoding="UTF-8"?>
<!-- Generated by org.testng.reporters.JUnitReportReporter -->
<testsuite hostname="ng_desktop" failures="0" tests="4" name="openkart2testcases.TC004_Login2" time="10.517" errors="0" timestamp="2023-07-05T00:06:04 EDT" skipped="0">
  <testcase classname="openkart2testcases.TC004_Login2" name="openKart2Login" time="2.679"/>
  <system-out/>
  <testcase classname="openkart2testcases.TC004_Login2" name="openKart2Login" time="2.614"/>
  <system-out/>
  <testcase classname="openkart2testcases.TC004_Login2" name="openKart2Login" time="2.590"/>
  <system-out/>
  <testcase classname="openkart2testcases.TC004_Login2" name="openKart2Login" time="2.634"/>
  <system-out/>
</testsuite> <!-- openkart2testcases.TC004_Login2 -->
