<?xml version="1.0" encoding="UTF-8"?>
<!-- Generated by org.testng.reporters.JUnitReportReporter -->
<testsuite hostname="ng_desktop" failures="0" tests="4" name="openkart2testcases.TC004_Login2" time="10.647" errors="0" timestamp="2023-07-03T17:34:03 EDT" skipped="0">
  <testcase classname="openkart2testcases.TC004_Login2" name="openKart2Login" time="2.582"/>
  <system-out/>
  <testcase classname="openkart2testcases.TC004_Login2" name="openKart2Login" time="2.754"/>
  <system-out/>
  <testcase classname="openkart2testcases.TC004_Login2" name="openKart2Login" time="2.670"/>
  <system-out/>
  <testcase classname="openkart2testcases.TC004_Login2" name="openKart2Login" time="2.641"/>
  <system-out/>
</testsuite> <!-- openkart2testcases.TC004_Login2 -->
