<?xml version="1.0" encoding="UTF-8"?>
<!-- Generated by org.testng.reporters.JUnitReportReporter -->
<testsuite hostname="ng_desktop" failures="0" tests="4" name="openkart2testcases.TC005_LoginDDT" time="72.724" errors="0" timestamp="2023-07-05T16:04:36 EDT" skipped="0">
  <testcase classname="openkart2testcases.TC005_LoginDDT" name="openKart2LoginDDT" time="3.184"/>
  <system-out/>
  <testcase classname="openkart2testcases.TC005_LoginDDT" name="openKart2LoginDDT" time="3.268"/>
  <system-out/>
  <testcase classname="openkart2testcases.TC005_LoginDDT" name="openKart2LoginDDT" time="33.166"/>
  <system-out/>
  <testcase classname="openkart2testcases.TC005_LoginDDT" name="openKart2LoginDDT" time="33.106"/>
  <system-out/>
</testsuite> <!-- openkart2testcases.TC005_LoginDDT -->
