<?xml version="1.0" encoding="UTF-8"?>
<!-- Generated by org.testng.reporters.JUnitReportReporter -->
<testsuite hostname="ng_desktop" failures="0" tests="4" name="openkart2testcases.TC004_Login2" time="11.830" errors="0" timestamp="2023-07-04T16:31:29 EDT" skipped="0">
  <testcase classname="openkart2testcases.TC004_Login2" name="openKart2Login" time="3.968"/>
  <system-out/>
  <testcase classname="openkart2testcases.TC004_Login2" name="openKart2Login" time="2.580"/>
  <system-out/>
  <testcase classname="openkart2testcases.TC004_Login2" name="openKart2Login" time="2.627"/>
  <system-out/>
  <testcase classname="openkart2testcases.TC004_Login2" name="openKart2Login" time="2.655"/>
  <system-out/>
</testsuite> <!-- openkart2testcases.TC004_Login2 -->
