<?xml version="1.0" encoding="UTF-8"?>
<!-- Generated by org.testng.reporters.JUnitReportReporter -->
<testsuite hostname="ng_desktop" failures="0" tests="2" name="openkart2testcases.TC002_Registration_data" time="11.585" errors="0" timestamp="2023-07-01T18:46:36 EDT" skipped="0">
  <testcase classname="openkart2testcases.TC002_Registration_data" name="openKart2Registration" time="5.902"/>
  <system-out/>
  <testcase classname="openkart2testcases.TC002_Registration_data" name="openKart2Registration" time="5.683"/>
  <system-out/>
</testsuite> <!-- openkart2testcases.TC002_Registration_data -->
